<?xml version="1.0" encoding="UTF-8"?>
<!-- Generated by org.testng.reporters.JUnitReportReporter -->
<testsuite hostname="Nilesh-Workstation" failures="0" tests="1" name="example.NewTest" time="5.543" errors="0" timestamp="2022-03-06T21:34:38 IST" skipped="0">
  <testcase classname="example.NewTest" name="testEasy" time="5.543"/>
  <system-out/>
</testsuite> <!-- example.NewTest -->
